1-hop
avg_hit_at_one 0.1424525630133107
avg_precision 0.14558677190155211
avg_recall 0.24079580855281787
avg_f1 0.1599888715303939
2-hop
avg_hit_at_one 0.448881336731804
avg_precision 0.44650190828671343
avg_recall 0.6180277234015552
avg_f1 0.4704735041388897
3-hop
avg_hit_at_one 0.5261965448881337
avg_precision 0.5225091458343819
avg_recall 0.7004739559302505
avg_f1 0.5473060864727288
4-hop
avg_hit_at_one 0.5514018691588785
avg_precision 0.5477221005188786
avg_recall 0.7220896069157116
avg_f1 0.5704921557612874