/home/hxssgaa/anaconda3/bin/python /home/hxssgaa/workstation/Developer/PullNet/GraftNet/pullnet_main.py --train-relreasoner config/complexwebq.yml
/home/hxssgaa/anaconda3/lib/python3.7/site-packages/tensorflow/python/framework/dtypes.py:516: FutureWarning: Passing (type, 1) or '1type' as a synonym of type is deprecated; in a future version of numpy, it will be understood as (type, (1,)) / '(1,)type'.
  _np_qint8 = np.dtype([("qint8", np.int8, 1)])
/home/hxssgaa/anaconda3/lib/python3.7/site-packages/tensorflow/python/framework/dtypes.py:517: FutureWarning: Passing (type, 1) or '1type' as a synonym of type is deprecated; in a future version of numpy, it will be understood as (type, (1,)) / '(1,)type'.
  _np_quint8 = np.dtype([("quint8", np.uint8, 1)])
/home/hxssgaa/anaconda3/lib/python3.7/site-packages/tensorflow/python/framework/dtypes.py:518: FutureWarning: Passing (type, 1) or '1type' as a synonym of type is deprecated; in a future version of numpy, it will be understood as (type, (1,)) / '(1,)type'.
  _np_qint16 = np.dtype([("qint16", np.int16, 1)])
/home/hxssgaa/anaconda3/lib/python3.7/site-packages/tensorflow/python/framework/dtypes.py:519: FutureWarning: Passing (type, 1) or '1type' as a synonym of type is deprecated; in a future version of numpy, it will be understood as (type, (1,)) / '(1,)type'.
  _np_quint16 = np.dtype([("quint16", np.uint16, 1)])
/home/hxssgaa/anaconda3/lib/python3.7/site-packages/tensorflow/python/framework/dtypes.py:520: FutureWarning: Passing (type, 1) or '1type' as a synonym of type is deprecated; in a future version of numpy, it will be understood as (type, (1,)) / '(1,)type'.
  _np_qint32 = np.dtype([("qint32", np.int32, 1)])
/home/hxssgaa/anaconda3/lib/python3.7/site-packages/tensorflow/python/framework/dtypes.py:525: FutureWarning: Passing (type, 1) or '1type' as a synonym of type is deprecated; in a future version of numpy, it will be understood as (type, (1,)) / '(1,)type'.
  np_resource = np.dtype([("resource", np.ubyte, 1)])
/home/hxssgaa/anaconda3/lib/python3.7/site-packages/tensorboard/compat/tensorflow_stub/dtypes.py:541: FutureWarning: Passing (type, 1) or '1type' as a synonym of type is deprecated; in a future version of numpy, it will be understood as (type, (1,)) / '(1,)type'.
  _np_qint8 = np.dtype([("qint8", np.int8, 1)])
/home/hxssgaa/anaconda3/lib/python3.7/site-packages/tensorboard/compat/tensorflow_stub/dtypes.py:542: FutureWarning: Passing (type, 1) or '1type' as a synonym of type is deprecated; in a future version of numpy, it will be understood as (type, (1,)) / '(1,)type'.
  _np_quint8 = np.dtype([("quint8", np.uint8, 1)])
/home/hxssgaa/anaconda3/lib/python3.7/site-packages/tensorboard/compat/tensorflow_stub/dtypes.py:543: FutureWarning: Passing (type, 1) or '1type' as a synonym of type is deprecated; in a future version of numpy, it will be understood as (type, (1,)) / '(1,)type'.
  _np_qint16 = np.dtype([("qint16", np.int16, 1)])
/home/hxssgaa/anaconda3/lib/python3.7/site-packages/tensorboard/compat/tensorflow_stub/dtypes.py:544: FutureWarning: Passing (type, 1) or '1type' as a synonym of type is deprecated; in a future version of numpy, it will be understood as (type, (1,)) / '(1,)type'.
  _np_quint16 = np.dtype([("quint16", np.uint16, 1)])
/home/hxssgaa/anaconda3/lib/python3.7/site-packages/tensorboard/compat/tensorflow_stub/dtypes.py:545: FutureWarning: Passing (type, 1) or '1type' as a synonym of type is deprecated; in a future version of numpy, it will be understood as (type, (1,)) / '(1,)type'.
  _np_qint32 = np.dtype([("qint32", np.int32, 1)])
/home/hxssgaa/anaconda3/lib/python3.7/site-packages/tensorboard/compat/tensorflow_stub/dtypes.py:550: FutureWarning: Passing (type, 1) or '1type' as a synonym of type is deprecated; in a future version of numpy, it will be understood as (type, (1,)) / '(1,)type'.
  np_resource = np.dtype([("resource", np.ubyte, 1)])
loading data from datasets/complexwebq/complex_train_processed_new2.json
100%|██████████| 27639/27639 [00:00<00:00, 131646.40it/s]
max_local_path_rel: 229
building word index ...
preparing data ...
41923it [00:19, 2121.33it/s]
avg_total_words_recall 0.9345625710628216
avg_question_words_recall 0.6742892941572478
loading data from datasets/complexwebq/complex_dev_processed_new2.json
100%|██████████| 3519/3519 [00:00<00:00, 174170.80it/s]
max_local_path_rel: 229
building word index ...
preparing data ...
5399it [00:02, 2171.89it/s]
avg_total_words_recall 0.9335370747669322
avg_question_words_recall 0.6737881705466897
loaded relation_emb
load word emb
None 90000
None 300
None 360000
None 360000
None 1200
None 1200
None 360000
None 360000
None 1200
None 1200
None 360000
None 360000
None 1200
None 1200
None 360000
None 360000
None 1200
None 1200
None 360000
None 360000
None 1200
None 1200
None 360000
None 360000
None 1200
None 1200
None 360000
None 360000
None 1200
None 1200
None 360000
None 360000
None 1200
None 1200
epoch 0
100%|██████████| 524/524 [00:52<00:00,  9.90it/s]
avg_hit_at_one 0.1880009541984734
avg_training_loss 0.026430656756665415
max_training_acc 1.0
avg_training_recall 0.4294608778625953
validating ...
100%|██████████| 269/269 [00:04<00:00, 61.85it/s]
avg_loss 0.015096138020264173
max_acc 1.0
avg_hit_at_one 0.3427509293680295
avg_recall 0.6302044609665427
epoch 1
100%|██████████| 524/524 [00:54<00:00,  9.64it/s]
avg_hit_at_one 0.372208969465649
avg_training_loss 0.014723011980345117
max_training_acc 1.0
avg_training_recall 0.6292342557251908
validating ...
100%|██████████| 269/269 [00:04<00:00, 65.51it/s]
avg_loss 0.013433112465122153
max_acc 1.0
avg_hit_at_one 0.49200743494423776
avg_recall 0.6934014869888475
epoch 2
100%|██████████| 524/524 [00:53<00:00,  9.76it/s]
avg_hit_at_one 0.440696564885496
avg_training_loss 0.013631668567429972
max_training_acc 1.0
avg_training_recall 0.6758349236641227
validating ...
100%|██████████| 269/269 [00:04<00:00, 66.40it/s]
avg_loss 0.012414761299620552
max_acc 1.0
avg_hit_at_one 0.528438661710037
avg_recall 0.7307620817843864
epoch 3
100%|██████████| 524/524 [00:53<00:00,  9.84it/s]
avg_hit_at_one 0.48967080152671727
avg_training_loss 0.01273846501690684
max_training_acc 1.0
avg_training_recall 0.7144680343511446
validating ...
100%|██████████| 269/269 [00:03<00:00, 68.08it/s]
avg_loss 0.011694608183515337
max_acc 1.0
avg_hit_at_one 0.5540892193308551
avg_recall 0.765148698884758
epoch 4
100%|██████████| 524/524 [00:52<00:00, 10.05it/s]
avg_hit_at_one 0.5219465648854961
avg_training_loss 0.011819489646830973
max_training_acc 1.0
avg_training_recall 0.7411020992366417
validating ...
100%|██████████| 269/269 [00:03<00:00, 68.35it/s]
avg_loss 0.010487149147573014
max_acc 1.0
avg_hit_at_one 0.5743494423791822
avg_recall 0.8056691449814125
  0%|          | 0/524 [00:00<?, ?it/s]epoch 5
100%|██████████| 524/524 [00:51<00:00, 10.10it/s]
avg_hit_at_one 0.5507395038167939
avg_training_loss 0.010893598396174667
max_training_acc 1.0
avg_training_recall 0.7573234732824432
validating ...
100%|██████████| 269/269 [00:03<00:00, 68.29it/s]
avg_loss 0.009891835470652713
max_acc 1.0
avg_hit_at_one 0.5933085501858737
avg_recall 0.8074349442379181
epoch 6
100%|██████████| 524/524 [00:52<00:00, 10.03it/s]
avg_hit_at_one 0.5685591603053438
avg_training_loss 0.010406053104288592
max_training_acc 1.0
avg_training_recall 0.76863072519084
validating ...
100%|██████████| 269/269 [00:03<00:00, 68.04it/s]
avg_loss 0.009487124828130118
max_acc 1.0
avg_hit_at_one 0.6040892193308556
avg_recall 0.8177509293680291
  0%|          | 0/524 [00:00<?, ?it/s]epoch 7
100%|██████████| 524/524 [00:52<00:00, 10.06it/s]
avg_hit_at_one 0.5788645038167943
avg_training_loss 0.010119621078519306
max_training_acc 1.0
avg_training_recall 0.779842557251908
validating ...
100%|██████████| 269/269 [00:03<00:00, 68.76it/s]
avg_loss 0.009318823519346328
max_acc 1.0
avg_hit_at_one 0.6141263940520447
avg_recall 0.8085501858736057
epoch 8
100%|██████████| 524/524 [00:52<00:00, 10.05it/s]
avg_hit_at_one 0.5916030534351147
avg_training_loss 0.009898922779376953
max_training_acc 1.0
avg_training_recall 0.786295324427481
validating ...
100%|██████████| 269/269 [00:03<00:00, 68.24it/s]
avg_loss 0.00914399560236244
max_acc 1.0
avg_hit_at_one 0.621003717472119
avg_recall 0.8441449814126398
epoch 9
100%|██████████| 524/524 [00:52<00:00,  9.96it/s]
avg_hit_at_one 0.5975906488549616
avg_training_loss 0.00973343268616253
max_training_acc 1.0
avg_training_recall 0.7918058206106878
validating ...
100%|██████████| 269/269 [00:03<00:00, 67.63it/s]
avg_loss 0.008956713878920088
max_acc 1.0
avg_hit_at_one 0.6232342007434946
avg_recall 0.8387546468401486
  0%|          | 0/524 [00:00<?, ?it/s]epoch 10
100%|██████████| 524/524 [00:52<00:00, 10.01it/s]
avg_hit_at_one 0.6069179389312975
avg_training_loss 0.009548117483091605
max_training_acc 1.0
avg_training_recall 0.7979842557251908
validating ...
100%|██████████| 269/269 [00:03<00:00, 67.78it/s]
avg_loss 0.008778275939251632
max_acc 1.0
avg_hit_at_one 0.6518587360594799
avg_recall 0.8390334572490707
  0%|          | 0/524 [00:00<?, ?it/s]epoch 11
100%|██████████| 524/524 [00:52<00:00, 10.02it/s]
avg_hit_at_one 0.6133826335877863
avg_training_loss 0.009404123207120552
max_training_acc 1.0
avg_training_recall 0.8027552480916028
validating ...
100%|██████████| 269/269 [00:03<00:00, 67.86it/s]
avg_loss 0.008784474676897313
max_acc 1.0
avg_hit_at_one 0.6637546468401492
avg_recall 0.8346654275092936
epoch 12
100%|██████████| 524/524 [00:52<00:00, 10.03it/s]
avg_hit_at_one 0.6175333969465654
avg_training_loss 0.009310880475073257
max_training_acc 1.0
avg_training_recall 0.8059398854961832
validating ...
100%|██████████| 269/269 [00:03<00:00, 67.99it/s]
avg_loss 0.008671238295713155
max_acc 1.0
avg_hit_at_one 0.6732342007434947
avg_recall 0.8401486988847587
epoch 13
100%|██████████| 524/524 [00:52<00:00, 10.04it/s]
avg_hit_at_one 0.6228769083969465
avg_training_loss 0.009178217041896272
max_training_acc 1.0
avg_training_recall 0.8114980916030521
validating ...
100%|██████████| 269/269 [00:03<00:00, 67.72it/s]
avg_loss 0.00851366872601488
max_acc 1.0
avg_hit_at_one 0.6769516728624533
avg_recall 0.8486059479553906
epoch 14
100%|██████████| 524/524 [00:52<00:00, 10.04it/s]
avg_hit_at_one 0.6297948473282439
avg_training_loss 0.009044211023693322
max_training_acc 1.0
avg_training_recall 0.8157084923664131
validating ...
100%|██████████| 269/269 [00:03<00:00, 68.03it/s]
avg_loss 0.008415972866761916
max_acc 1.0
avg_hit_at_one 0.6752788104089218
avg_recall 0.837918215613383
epoch 15
100%|██████████| 524/524 [00:52<00:00, 10.04it/s]
avg_hit_at_one 0.6359732824427486
avg_training_loss 0.00890539224945606
max_training_acc 1.0
avg_training_recall 0.8200381679389309
validating ...
100%|██████████| 269/269 [00:03<00:00, 68.16it/s]
avg_loss 0.008311280430221868
max_acc 1.0
avg_hit_at_one 0.6717472118959108
avg_recall 0.8494423791821567
epoch 16
100%|██████████| 524/524 [00:52<00:00, 10.03it/s]
avg_hit_at_one 0.6395753816793904
avg_training_loss 0.008783649015133732
max_training_acc 1.0
avg_training_recall 0.826586354961832
validating ...
100%|██████████| 269/269 [00:03<00:00, 67.82it/s]
avg_loss 0.008243178351536448
max_acc 1.0
avg_hit_at_one 0.678996282527881
avg_recall 0.864869888475837
epoch 17
100%|██████████| 524/524 [00:52<00:00,  9.91it/s]
avg_hit_at_one 0.6447757633587781
avg_training_loss 0.008688954125471299
max_training_acc 1.0
avg_training_recall 0.8293893129770993
validating ...
100%|██████████| 269/269 [00:03<00:00, 68.23it/s]
avg_loss 0.008135344456625084
max_acc 1.0
avg_hit_at_one 0.6771375464684015
avg_recall 0.8551115241635692
epoch 18
100%|██████████| 524/524 [00:52<00:00,  9.97it/s]
avg_hit_at_one 0.6502146946564888
avg_training_loss 0.008559944657324493
max_training_acc 1.0
avg_training_recall 0.8335520038167941
validating ...
100%|██████████| 269/269 [00:03<00:00, 68.66it/s]
avg_loss 0.00805940512536599
max_acc 1.0
avg_hit_at_one 0.6789962825278808
avg_recall 0.8582713754646846
epoch 19
100%|██████████| 524/524 [00:52<00:00, 10.07it/s]
avg_hit_at_one 0.6561545801526723
avg_training_loss 0.008467397467723785
max_training_acc 1.0
avg_training_recall 0.8383229961832048
validating ...
100%|██████████| 269/269 [00:03<00:00, 67.58it/s]
avg_loss 0.008058719640791582
max_acc 1.0
avg_hit_at_one 0.682156133828996
avg_recall 0.8579925650557625
  0%|          | 0/524 [00:00<?, ?it/s]epoch 20
100%|██████████| 524/524 [00:52<00:00, 10.04it/s]
avg_hit_at_one 0.6570133587786261
avg_training_loss 0.008392308620942174
max_training_acc 1.0
avg_training_recall 0.8394203244274803
validating ...
100%|██████████| 269/269 [00:04<00:00, 67.07it/s]
avg_loss 0.008018513013639914
max_acc 1.0
avg_hit_at_one 0.6881040892193308
avg_recall 0.8569702602230486
epoch 21
100%|██████████| 524/524 [00:54<00:00,  9.61it/s]
avg_hit_at_one 0.658921755725191
avg_training_loss 0.008320756045077708
max_training_acc 1.0
avg_training_recall 0.8388955152671757
validating ...
100%|██████████| 269/269 [00:04<00:00, 64.87it/s]
avg_loss 0.007994618532542125
max_acc 1.0
avg_hit_at_one 0.6925650557620813
avg_recall 0.8724907063197028
  0%|          | 0/524 [00:00<?, ?it/s]epoch 22
100%|██████████| 524/524 [00:53<00:00,  9.73it/s]
avg_hit_at_one 0.6600190839694662
avg_training_loss 0.008280473932773159
max_training_acc 1.0
avg_training_recall 0.8417819656488553
validating ...
100%|██████████| 269/269 [00:03<00:00, 67.60it/s]
avg_loss 0.007985902432573883
max_acc 1.0
avg_hit_at_one 0.699256505576208
avg_recall 0.869144981412639
epoch 23
100%|██████████| 524/524 [00:52<00:00, 10.06it/s]
avg_hit_at_one 0.664456106870229
avg_training_loss 0.008209728868678212
max_training_acc 1.0
avg_training_recall 0.8438931297709922
validating ...
100%|██████████| 269/269 [00:03<00:00, 67.96it/s]
avg_loss 0.007982285231954269
max_acc 1.0
avg_hit_at_one 0.6910780669144979
avg_recall 0.8580855018587364
epoch 24
100%|██████████| 524/524 [00:52<00:00, 10.02it/s]
avg_hit_at_one 0.6670085877862592
avg_training_loss 0.00816051127968484
max_training_acc 1.0
avg_training_recall 0.8460162213740455
validating ...
100%|██████████| 269/269 [00:03<00:00, 67.52it/s]
avg_loss 0.007963554802970427
max_acc 1.0
avg_hit_at_one 0.6936802973977696
avg_recall 0.8613382899628259
epoch 25
100%|██████████| 524/524 [00:52<00:00,  9.95it/s]
avg_hit_at_one 0.6682251908396944
avg_training_loss 0.008120366839606685
max_training_acc 1.0
avg_training_recall 0.8466245229007627
validating ...
100%|██████████| 269/269 [00:03<00:00, 68.33it/s]
avg_loss 0.007879504380006773
max_acc 1.0
avg_hit_at_one 0.6966542750929365
avg_recall 0.8662639405204464
  0%|          | 0/524 [00:00<?, ?it/s]epoch 26
100%|██████████| 524/524 [00:51<00:00, 10.08it/s]
avg_hit_at_one 0.6676049618320615
avg_training_loss 0.008067969913516222
max_training_acc 1.0
avg_training_recall 0.8471851145038165
validating ...
100%|██████████| 269/269 [00:03<00:00, 68.08it/s]
avg_loss 0.007848635809253693
max_acc 1.0
avg_hit_at_one 0.6949814126394052
avg_recall 0.8634758364312269
epoch 27
100%|██████████| 524/524 [00:51<00:00, 10.09it/s]
avg_hit_at_one 0.6713501908396948
avg_training_loss 0.008024360645981861
max_training_acc 1.0
avg_training_recall 0.8488311068702293
validating ...
100%|██████████| 269/269 [00:03<00:00, 68.95it/s]
avg_loss 0.007987231403921616
max_acc 1.0
avg_hit_at_one 0.6895910780669144
avg_recall 0.8638475836431228
epoch 28
100%|██████████| 524/524 [00:51<00:00, 10.11it/s]
avg_hit_at_one 0.6703482824427482
avg_training_loss 0.007967182319568654
max_training_acc 1.0
avg_training_recall 0.8512046755725191
validating ...
100%|██████████| 269/269 [00:03<00:00, 68.54it/s]
avg_loss 0.007928120002642163
max_acc 1.0
avg_hit_at_one 0.6955390334572489
avg_recall 0.8582713754646841
epoch 29
100%|██████████| 524/524 [00:52<00:00, 10.06it/s]
avg_hit_at_one 0.673568702290076
avg_training_loss 0.007942151972305968
max_training_acc 1.0
avg_training_recall 0.8497495229007639
validating ...
100%|██████████| 269/269 [00:03<00:00, 67.72it/s]
avg_loss 0.007825802380676108
max_acc 1.0
avg_hit_at_one 0.6890334572490704
avg_recall 0.8673791821561342
  0%|          | 0/524 [00:00<?, ?it/s]epoch 30
100%|██████████| 524/524 [00:52<00:00, 10.00it/s]
avg_hit_at_one 0.674570610687023
avg_training_loss 0.007888971544439613
max_training_acc 1.0
avg_training_recall 0.85219465648855
validating ...
100%|██████████| 269/269 [00:04<00:00, 66.80it/s]
avg_loss 0.007869248077633433
max_acc 1.0
avg_hit_at_one 0.6960966542750927
avg_recall 0.854275092936803
epoch 31
100%|██████████| 524/524 [00:52<00:00,  9.94it/s]
avg_hit_at_one 0.6744513358778637
avg_training_loss 0.00786369152452427
max_training_acc 1.0
avg_training_recall 0.8527791030534354
validating ...
100%|██████████| 269/269 [00:04<00:00, 66.72it/s]
avg_loss 0.007899179389063255
max_acc 1.0
avg_hit_at_one 0.6931226765799257
avg_recall 0.8567843866171004
epoch 32
100%|██████████| 524/524 [00:52<00:00, 10.00it/s]
avg_hit_at_one 0.6770276717557246
avg_training_loss 0.007816072477859566
max_training_acc 1.0
avg_training_recall 0.8546636450381674
validating ...
100%|██████████| 269/269 [00:03<00:00, 67.86it/s]
avg_loss 0.007853772257520474
max_acc 1.0
avg_hit_at_one 0.694423791821561
avg_recall 0.8636617100371746
  0%|          | 0/524 [00:00<?, ?it/s]epoch 33
100%|██████████| 524/524 [00:52<00:00, 10.03it/s]
avg_hit_at_one 0.6811307251908391
avg_training_loss 0.007770261872126117
max_training_acc 1.0
avg_training_recall 0.8562022900763363
validating ...
100%|██████████| 269/269 [00:03<00:00, 68.49it/s]
avg_loss 0.007748434595334375
max_acc 1.0
avg_hit_at_one 0.6966542750929368
avg_recall 0.8651486988847584
  0%|          | 0/524 [00:00<?, ?it/s]epoch 34
100%|██████████| 524/524 [00:51<00:00, 10.10it/s]
avg_hit_at_one 0.6816078244274815
avg_training_loss 0.007721265016358261
max_training_acc 1.0
avg_training_recall 0.8564885496183201
validating ...
100%|██████████| 269/269 [00:03<00:00, 68.17it/s]
avg_loss 0.00788616032433111
max_acc 1.0
avg_hit_at_one 0.6973977695167285
avg_recall 0.8639405204460967
epoch 35
100%|██████████| 524/524 [00:51<00:00, 10.10it/s]
avg_hit_at_one 0.6833492366412213
avg_training_loss 0.007698882212115892
max_training_acc 1.0
avg_training_recall 0.8588740458015268
validating ...
100%|██████████| 269/269 [00:03<00:00, 68.29it/s]
avg_loss 0.007735082834654359
max_acc 1.0
avg_hit_at_one 0.7040892193308547
avg_recall 0.8606877323420079
epoch 36
100%|██████████| 524/524 [00:51<00:00, 10.10it/s]
avg_hit_at_one 0.6824666030534348
avg_training_loss 0.00767508526741463
max_training_acc 1.0
avg_training_recall 0.8608659351145037
validating ...
100%|██████████| 269/269 [00:03<00:00, 68.43it/s]
avg_loss 0.00780872928608749
max_acc 1.0
avg_hit_at_one 0.6936802973977695
avg_recall 0.8653345724907067
epoch 37
100%|██████████| 524/524 [00:51<00:00, 10.11it/s]
avg_hit_at_one 0.687333015267176
avg_training_loss 0.007640096538465555
max_training_acc 1.0
avg_training_recall 0.8596612595419841
validating ...
100%|██████████| 269/269 [00:03<00:00, 67.99it/s]
avg_loss 0.007845120748581165
max_acc 1.0
avg_hit_at_one 0.7024163568773231
avg_recall 0.865055762081784
epoch 38
100%|██████████| 524/524 [00:51<00:00, 10.09it/s]
avg_hit_at_one 0.6864026717557252
avg_training_loss 0.00759694192697159
max_training_acc 1.0
avg_training_recall 0.862070610687023
validating ...
100%|██████████| 269/269 [00:03<00:00, 67.82it/s]
avg_loss 0.007811556075142219
max_acc 1.0
avg_hit_at_one 0.6953531598513012
avg_recall 0.874349442379182
epoch 39
100%|██████████| 524/524 [00:51<00:00, 10.10it/s]
avg_hit_at_one 0.6885019083969462
avg_training_loss 0.0075791639707740825
max_training_acc 1.0
avg_training_recall 0.8623330152671761
validating ...
100%|██████████| 269/269 [00:03<00:00, 68.25it/s]
avg_loss 0.007712921019484286
max_acc 1.0
avg_hit_at_one 0.7087360594795538
avg_recall 0.8680297397769517
epoch 40
100%|██████████| 524/524 [00:51<00:00, 10.10it/s]
avg_hit_at_one 0.6883826335877861
avg_training_loss 0.007533243109066864
max_training_acc 1.0
avg_training_recall 0.8634780534351149
validating ...
100%|██████████| 269/269 [00:03<00:00, 68.07it/s]
avg_loss 0.007742232063155081
max_acc 1.0
avg_hit_at_one 0.6986988847583643
avg_recall 0.8804832713754647
epoch 41
100%|██████████| 524/524 [00:52<00:00,  9.93it/s]
avg_hit_at_one 0.6934160305343511
avg_training_loss 0.007497492944821715
max_training_acc 1.0
avg_training_recall 0.8641817748091607
validating ...
100%|██████████| 269/269 [00:03<00:00, 67.68it/s]
avg_loss 0.0077759073908721206
max_acc 1.0
avg_hit_at_one 0.7078066914498141
avg_recall 0.8834572490706323
  0%|          | 0/524 [00:00<?, ?it/s]epoch 42
100%|██████████| 524/524 [00:53<00:00,  9.88it/s]
avg_hit_at_one 0.6913645038167946
avg_training_loss 0.007496984748397278
max_training_acc 1.0
avg_training_recall 0.8641937022900766
validating ...
100%|██████████| 269/269 [00:03<00:00, 67.63it/s]
avg_loss 0.007774957794986915
max_acc 1.0
avg_hit_at_one 0.7065055762081786
avg_recall 0.8823420074349442
  0%|          | 0/524 [00:00<?, ?it/s]epoch 43
100%|██████████| 524/524 [00:52<00:00,  9.92it/s]
avg_hit_at_one 0.6948234732824428
avg_training_loss 0.007456314023975141
max_training_acc 1.0
avg_training_recall 0.8643368320610681
validating ...
100%|██████████| 269/269 [00:03<00:00, 67.86it/s]
avg_loss 0.007957018363950808
max_acc 1.0
avg_hit_at_one 0.6960966542750928
avg_recall 0.8689591078066914
epoch 44
100%|██████████| 524/524 [00:54<00:00,  9.61it/s]
avg_hit_at_one 0.6972566793893129
avg_training_loss 0.007419988412573536
max_training_acc 1.0
avg_training_recall 0.8659112595419841
validating ...
100%|██████████| 269/269 [00:04<00:00, 64.31it/s]
avg_loss 0.007708541553841426
max_acc 1.0
avg_hit_at_one 0.7139405204460966
avg_recall 0.881970260223048
epoch 45
100%|██████████| 524/524 [00:52<00:00, 10.05it/s]
avg_hit_at_one 0.697900763358778
avg_training_loss 0.00739807358015158
max_training_acc 1.0
avg_training_recall 0.8655892175572515
validating ...
100%|██████████| 269/269 [00:04<00:00, 64.44it/s]
avg_loss 0.007813243292355183
max_acc 1.0
avg_hit_at_one 0.7066914498141265
avg_recall 0.8838289962825278
  0%|          | 0/524 [00:00<?, ?it/s]epoch 46
100%|██████████| 524/524 [00:53<00:00,  9.72it/s]
avg_hit_at_one 0.6991412213740466
avg_training_loss 0.007379907154911802
max_training_acc 1.0
avg_training_recall 0.8667938931297702
validating ...
100%|██████████| 269/269 [00:04<00:00, 62.89it/s]
avg_loss 0.007596626973859827
max_acc 1.0
avg_hit_at_one 0.7102230483271373
avg_recall 0.8838289962825274
  0%|          | 0/524 [00:00<?, ?it/s]epoch 47
100%|██████████| 524/524 [00:53<00:00,  9.70it/s]
avg_hit_at_one 0.7017652671755724
avg_training_loss 0.007336841350535059
max_training_acc 1.0
avg_training_recall 0.8697519083969479
validating ...
100%|██████████| 269/269 [00:04<00:00, 65.94it/s]
avg_loss 0.007741463074606036
max_acc 1.0
avg_hit_at_one 0.7040892193308549
avg_recall 0.8871747211895906
  0%|          | 0/524 [00:00<?, ?it/s]epoch 48
100%|██████████| 524/524 [00:54<00:00,  9.64it/s]
avg_hit_at_one 0.7003578244274808
avg_training_loss 0.007314394549857683
max_training_acc 1.0
avg_training_recall 0.8699188931297713
validating ...
100%|██████████| 269/269 [00:04<00:00, 64.57it/s]
avg_loss 0.007670138828407932
max_acc 1.0
avg_hit_at_one 0.7204460966542751
avg_recall 0.8843866171003719
epoch 49
100%|██████████| 524/524 [00:55<00:00,  9.38it/s]
avg_hit_at_one 0.7021946564885497
avg_training_loss 0.007302676437721225
max_training_acc 1.0
avg_training_recall 0.8693583015267169
validating ...
100%|██████████| 269/269 [00:04<00:00, 64.80it/s]
avg_loss 0.007605184754183634
max_acc 1.0
avg_hit_at_one 0.7143122676579926
avg_recall 0.877881040892193
epoch 50
100%|██████████| 524/524 [00:53<00:00,  9.81it/s]
avg_hit_at_one 0.7028387404580149
avg_training_loss 0.007271589093685207
max_training_acc 1.0
avg_training_recall 0.8705987595419852
validating ...
100%|██████████| 269/269 [00:04<00:00, 64.83it/s]
avg_loss 0.007609055595659412
max_acc 1.0
avg_hit_at_one 0.7107806691449817
avg_recall 0.8843866171003715
epoch 51
100%|██████████| 524/524 [00:54<00:00,  9.67it/s]
avg_hit_at_one 0.7041984732824432
avg_training_loss 0.007245582611947
max_training_acc 1.0
avg_training_recall 0.8717080152671762
validating ...
100%|██████████| 269/269 [00:03<00:00, 67.74it/s]
avg_loss 0.00764971920012126
max_acc 1.0
avg_hit_at_one 0.715241635687732
avg_recall 0.893680297397769
epoch 52
100%|██████████| 524/524 [00:52<00:00, 10.02it/s]
avg_hit_at_one 0.7041984732824427
avg_training_loss 0.007229871186783239
max_training_acc 1.0
avg_training_recall 0.8719465648854962
validating ...
100%|██████████| 269/269 [00:03<00:00, 67.56it/s]
avg_loss 0.007719037696012888
max_acc 1.0
avg_hit_at_one 0.7104089219330851
avg_recall 0.8769516728624539
epoch 53
100%|██████████| 524/524 [00:53<00:00,  9.86it/s]
avg_hit_at_one 0.7042223282442746
avg_training_loss 0.007207497925042594
max_training_acc 1.0
avg_training_recall 0.8744394083969461
validating ...
100%|██████████| 269/269 [00:03<00:00, 67.50it/s]
avg_loss 0.007674930915825042
max_acc 1.0
avg_hit_at_one 0.7167286245353157
avg_recall 0.8843866171003715
epoch 54
100%|██████████| 524/524 [00:52<00:00,  9.95it/s]
avg_hit_at_one 0.7065839694656489
avg_training_loss 0.007173972127013591
max_training_acc 1.0
avg_training_recall 0.8739384541984738
validating ...
100%|██████████| 269/269 [00:03<00:00, 67.65it/s]
avg_loss 0.007551781835768469
max_acc 1.0
avg_hit_at_one 0.716914498141264
avg_recall 0.8853159851301109
epoch 55
100%|██████████| 524/524 [00:52<00:00, 10.03it/s]
avg_hit_at_one 0.7069895038167935
avg_training_loss 0.007141000619655802
max_training_acc 1.0
avg_training_recall 0.875763358778626
validating ...
100%|██████████| 269/269 [00:03<00:00, 67.85it/s]
avg_loss 0.007564428315210575
max_acc 1.0
avg_hit_at_one 0.7172862453531598
avg_recall 0.8817843866171007
  0%|          | 0/524 [00:00<?, ?it/s]epoch 56
100%|██████████| 524/524 [00:52<00:00, 10.06it/s]
avg_hit_at_one 0.7079198473282439
avg_training_loss 0.007144895208046864
max_training_acc 1.0
avg_training_recall 0.8767891221374048
validating ...
100%|██████████| 269/269 [00:03<00:00, 67.44it/s]
avg_loss 0.007559114283809376
max_acc 1.0
avg_hit_at_one 0.7131970260223046
avg_recall 0.8802973977695165
epoch 57
100%|██████████| 524/524 [00:52<00:00,  9.93it/s]
avg_hit_at_one 0.7073950381679381
avg_training_loss 0.007102750611441736
max_training_acc 1.0
avg_training_recall 0.8760257633587796
validating ...
100%|██████████| 269/269 [00:03<00:00, 68.01it/s]
avg_loss 0.007551330809055595
max_acc 1.0
avg_hit_at_one 0.7172862453531595
avg_recall 0.8830855018587358
epoch 58
100%|██████████| 524/524 [00:52<00:00, 10.06it/s]
avg_hit_at_one 0.7082538167938933
avg_training_loss 0.0070870751923817485
max_training_acc 1.0
avg_training_recall 0.8758945610687023
validating ...
100%|██████████| 269/269 [00:03<00:00, 68.58it/s]
avg_loss 0.007503011047521599
max_acc 1.0
avg_hit_at_one 0.715985130111524
avg_recall 0.8843866171003716
  0%|          | 0/524 [00:00<?, ?it/s]epoch 59
100%|██████████| 524/524 [00:51<00:00, 10.10it/s]
avg_hit_at_one 0.7095896946564881
avg_training_loss 0.0070581645962519155
max_training_acc 1.0
avg_training_recall 0.8770634541984741
validating ...
100%|██████████| 269/269 [00:03<00:00, 68.22it/s]
avg_loss 0.007526231182697593
max_acc 1.0
avg_hit_at_one 0.7098513011152412
avg_recall 0.8925650557620817
epoch 60
100%|██████████| 524/524 [00:52<00:00, 10.07it/s]
avg_hit_at_one 0.7098282442748087
avg_training_loss 0.007053523701224618
max_training_acc 1.0
avg_training_recall 0.8778506679389314
validating ...
100%|██████████| 269/269 [00:03<00:00, 68.25it/s]
avg_loss 0.0077183025657133544
max_acc 1.0
avg_hit_at_one 0.7141263940520443
avg_recall 0.8853159851301111
epoch 61
100%|██████████| 524/524 [00:52<00:00, 10.07it/s]
avg_hit_at_one 0.7099475190839692
avg_training_loss 0.007036532664614665
max_training_acc 1.0
avg_training_recall 0.8781488549618318
validating ...
100%|██████████| 269/269 [00:03<00:00, 67.72it/s]
avg_loss 0.007662476191892666
max_acc 1.0
avg_hit_at_one 0.7111524163568766
avg_recall 0.8931226765799255
epoch 62
100%|██████████| 524/524 [00:52<00:00,  9.93it/s]
avg_hit_at_one 0.7125715648854966
avg_training_loss 0.00703165594902501
max_training_acc 1.0
avg_training_recall 0.877230438931298
validating ...
100%|██████████| 269/269 [00:03<00:00, 68.30it/s]
avg_loss 0.007505114365985347
max_acc 1.0
avg_hit_at_one 0.7122676579925645
avg_recall 0.8860594795539031
epoch 63
100%|██████████| 524/524 [00:52<00:00, 10.06it/s]
avg_hit_at_one 0.7123807251908403
avg_training_loss 0.00699560678446708
max_training_acc 1.0
avg_training_recall 0.8792938931297704
validating ...
100%|██████████| 269/269 [00:03<00:00, 68.02it/s]
avg_loss 0.007550234968694391
max_acc 1.0
avg_hit_at_one 0.7180297397769516
avg_recall 0.8756505576208173
epoch 64
100%|██████████| 524/524 [00:52<00:00, 10.07it/s]
avg_hit_at_one 0.7118320610687019
avg_training_loss 0.006974222941878642
max_training_acc 1.0
avg_training_recall 0.881476622137405
validating ...
100%|██████████| 269/269 [00:03<00:00, 68.60it/s]
avg_loss 0.007585720544279342
max_acc 1.0
avg_hit_at_one 0.7202602230483269
avg_recall 0.8823420074349437
epoch 65
100%|██████████| 524/524 [00:52<00:00, 10.07it/s]
avg_hit_at_one 0.7143129770992365
avg_training_loss 0.0069609068557157944
max_training_acc 1.0
avg_training_recall 0.880176526717557
validating ...
100%|██████████| 269/269 [00:03<00:00, 68.00it/s]
avg_loss 0.007423859429770741
max_acc 1.0
avg_hit_at_one 0.723420074349442
avg_recall 0.8940520446096654
  0%|          | 0/524 [00:00<?, ?it/s]epoch 66
100%|██████████| 524/524 [00:52<00:00, 10.06it/s]
avg_hit_at_one 0.7140028625954199
avg_training_loss 0.0069578528512653165
max_training_acc 1.0
avg_training_recall 0.8801049618320607
validating ...
100%|██████████| 269/269 [00:03<00:00, 68.14it/s]
avg_loss 0.007573840654105447
max_acc 1.0
avg_hit_at_one 0.7182156133828996
avg_recall 0.8907063197026022
epoch 67
100%|██████████| 524/524 [00:52<00:00, 10.06it/s]
avg_hit_at_one 0.7136927480916033
avg_training_loss 0.006950633522151536
max_training_acc 1.0
avg_training_recall 0.8802719465648856
validating ...
100%|██████████| 269/269 [00:03<00:00, 68.30it/s]
avg_loss 0.007490005423782262
max_acc 1.0
avg_hit_at_one 0.718587360594795
avg_recall 0.8916356877323423
epoch 68
100%|██████████| 524/524 [00:52<00:00, 10.02it/s]
avg_hit_at_one 0.7143368320610697
avg_training_loss 0.006936769229573205
max_training_acc 1.0
avg_training_recall 0.8811187977099243
validating ...
100%|██████████| 269/269 [00:03<00:00, 67.95it/s]
avg_loss 0.007523468063735718
max_acc 1.0
avg_hit_at_one 0.7206319702602229
avg_recall 0.8792750929368028
epoch 69
100%|██████████| 524/524 [00:52<00:00, 10.03it/s]
avg_hit_at_one 0.7141937022900765
avg_training_loss 0.006912063018113147
max_training_acc 1.0
avg_training_recall 0.8811187977099232
validating ...
100%|██████████| 269/269 [00:04<00:00, 64.27it/s]
avg_loss 0.007524728845133269
max_acc 1.0
avg_hit_at_one 0.7172862453531599
avg_recall 0.8884758364312269
  0%|          | 0/524 [00:00<?, ?it/s]epoch 70
100%|██████████| 524/524 [00:52<00:00,  9.99it/s]
avg_hit_at_one 0.7153864503816801
avg_training_loss 0.006893615749351794
max_training_acc 1.0
avg_training_recall 0.8825500954198479
validating ...
100%|██████████| 269/269 [00:03<00:00, 67.72it/s]
avg_loss 0.007430672417931453
max_acc 1.0
avg_hit_at_one 0.7143122676579924
avg_recall 0.8915427509293676
epoch 71
100%|██████████| 524/524 [00:52<00:00,  9.99it/s]
avg_hit_at_one 0.7160782442748093
avg_training_loss 0.006880640975583544
max_training_acc 1.0
avg_training_recall 0.8834208015267174
validating ...
100%|██████████| 269/269 [00:03<00:00, 67.42it/s]
avg_loss 0.007474866458543725
max_acc 1.0
avg_hit_at_one 0.7210037174721188
avg_recall 0.8822490706319708
epoch 72
100%|██████████| 524/524 [00:52<00:00,  9.94it/s]
avg_hit_at_one 0.7154580152671759
avg_training_loss 0.006862579964862013
max_training_acc 1.0
avg_training_recall 0.8817270992366418
validating ...
100%|██████████| 269/269 [00:03<00:00, 68.43it/s]
avg_loss 0.0074959649292399
max_acc 1.0
avg_hit_at_one 0.7204460966542748
avg_recall 0.8864312267657993
epoch 73
100%|██████████| 524/524 [00:52<00:00,  9.95it/s]
avg_hit_at_one 0.7149332061068707
avg_training_loss 0.006853614748946128
max_training_acc 1.0
avg_training_recall 0.8828005725190844
validating ...
100%|██████████| 269/269 [00:03<00:00, 67.39it/s]
avg_loss 0.007591246664489457
max_acc 1.0
avg_hit_at_one 0.7122676579925645
avg_recall 0.8849442379182157
  0%|          | 0/524 [00:00<?, ?it/s]epoch 74
100%|██████████| 524/524 [00:52<00:00,  9.99it/s]
avg_hit_at_one 0.7171517175572522
avg_training_loss 0.006830834865371007
max_training_acc 1.0
avg_training_recall 0.8831703244274804
validating ...
100%|██████████| 269/269 [00:03<00:00, 67.59it/s]
avg_loss 0.007481317839941847
max_acc 1.0
avg_hit_at_one 0.7289962825278805
avg_recall 0.887639405204461
epoch 75
100%|██████████| 524/524 [00:52<00:00,  9.98it/s]
avg_hit_at_one 0.716984732824428
avg_training_loss 0.006832554931965664
max_training_acc 1.0
avg_training_recall 0.8838621183206107
validating ...
100%|██████████| 269/269 [00:03<00:00, 68.13it/s]
avg_loss 0.007414327499017008
max_acc 1.0
avg_hit_at_one 0.7250929368029734
avg_recall 0.8891263940520447
  0%|          | 0/524 [00:00<?, ?it/s]epoch 76
100%|██████████| 524/524 [00:52<00:00,  9.99it/s]
avg_hit_at_one 0.7180582061068703
avg_training_loss 0.0068019513851244945
max_training_acc 1.0
avg_training_recall 0.8856035305343509
validating ...
100%|██████████| 269/269 [00:03<00:00, 67.52it/s]
avg_loss 0.0074313466219044525
max_acc 1.0
avg_hit_at_one 0.7249070631970258
avg_recall 0.8867100371747213
epoch 77
100%|██████████| 524/524 [00:52<00:00,  9.99it/s]
avg_hit_at_one 0.7195849236641219
avg_training_loss 0.006781559150474047
max_training_acc 1.0
avg_training_recall 0.8860806297709912
validating ...
100%|██████████| 269/269 [00:03<00:00, 68.11it/s]
avg_loss 0.007479757350111262
max_acc 1.0
avg_hit_at_one 0.7289962825278802
avg_recall 0.8895910780669144
epoch 78
100%|██████████| 524/524 [00:52<00:00,  9.99it/s]
avg_hit_at_one 0.7194895038167936
avg_training_loss 0.006766796143163877
max_training_acc 1.0
avg_training_recall 0.8863191793893119
validating ...
100%|██████████| 269/269 [00:03<00:00, 67.77it/s]
avg_loss 0.007467750215826757
max_acc 1.0
avg_hit_at_one 0.7157992565055756
avg_recall 0.8849442379182157
epoch 79
100%|██████████| 524/524 [00:54<00:00,  9.58it/s]
avg_hit_at_one 0.7196564885496184
avg_training_loss 0.006763942647220581
max_training_acc 1.0
avg_training_recall 0.8856512404580151
validating ...
100%|██████████| 269/269 [00:04<00:00, 62.71it/s]
avg_loss 0.007608143733052682
max_acc 1.0
avg_hit_at_one 0.7217472118959098
avg_recall 0.8831784386617104
epoch 80
100%|██████████| 524/524 [00:54<00:00,  9.53it/s]
avg_hit_at_one 0.7186068702290073
avg_training_loss 0.006744868457957192
max_training_acc 1.0
avg_training_recall 0.8875357824427468
validating ...
100%|██████████| 269/269 [00:04<00:00, 63.74it/s]
avg_loss 0.007549855414064788
max_acc 1.0
avg_hit_at_one 0.719330855018587
avg_recall 0.8776022304832718
  0%|          | 0/524 [00:00<?, ?it/s]epoch 81
100%|██████████| 524/524 [00:54<00:00,  9.54it/s]
avg_hit_at_one 0.7177003816793888
avg_training_loss 0.006745556550711848
max_training_acc 1.0
avg_training_recall 0.8864503816793896
validating ...
100%|██████████| 269/269 [00:04<00:00, 65.17it/s]
avg_loss 0.007465873696914005
max_acc 1.0
avg_hit_at_one 0.7219330855018586
avg_recall 0.8871747211895908
epoch 82
100%|██████████| 524/524 [00:55<00:00,  9.37it/s]
avg_hit_at_one 0.7207061068702285
avg_training_loss 0.0067157013215593826
max_training_acc 1.0
avg_training_recall 0.888060591603054
validating ...
100%|██████████| 269/269 [00:04<00:00, 64.07it/s]
avg_loss 0.007529396538667686
max_acc 1.0
avg_hit_at_one 0.7139405204460967
avg_recall 0.8823420074349444
epoch 83
100%|██████████| 524/524 [00:56<00:00,  9.28it/s]
avg_hit_at_one 0.7181536259541976
avg_training_loss 0.006721292747689397
max_training_acc 1.0
avg_training_recall 0.8869990458015264
validating ...
100%|██████████| 269/269 [00:04<00:00, 64.99it/s]
avg_loss 0.007456907316121415
max_acc 1.0
avg_hit_at_one 0.7252788104089212
avg_recall 0.8887546468401487
epoch 84
100%|██████████| 524/524 [00:56<00:00,  9.28it/s]
avg_hit_at_one 0.7200620229007639
avg_training_loss 0.006710556475267895
max_training_acc 1.0
avg_training_recall 0.8863788167938932
validating ...
100%|██████████| 269/269 [00:04<00:00, 64.55it/s]
avg_loss 0.007497486226489165
max_acc 1.0
avg_hit_at_one 0.726394052044609
avg_recall 0.8931226765799256
epoch 85
100%|██████████| 524/524 [00:56<00:00,  9.27it/s]
avg_hit_at_one 0.7205391221374041
avg_training_loss 0.006694609323296099
max_training_acc 1.0
avg_training_recall 0.8886331106870238
validating ...
100%|██████████| 269/269 [00:04<00:00, 57.17it/s]
avg_loss 0.007479249771518225
max_acc 1.0
avg_hit_at_one 0.726022304832713
avg_recall 0.8936802973977693
epoch 86
100%|██████████| 524/524 [00:56<00:00,  9.32it/s]
avg_hit_at_one 0.7208492366412208
avg_training_loss 0.006686492341407041
max_training_acc 1.0
avg_training_recall 0.886462309160305
validating ...
100%|██████████| 269/269 [00:04<00:00, 64.18it/s]
avg_loss 0.007543769443483822
max_acc 1.0
avg_hit_at_one 0.7174721189591075
avg_recall 0.8826208178438663
epoch 87
100%|██████████| 524/524 [00:55<00:00,  9.48it/s]
avg_hit_at_one 0.7206583969465647
avg_training_loss 0.006659275994330417
max_training_acc 1.0
avg_training_recall 0.8887881679389309
validating ...
100%|██████████| 269/269 [00:04<00:00, 65.97it/s]
avg_loss 0.00741574584357579
max_acc 1.0
avg_hit_at_one 0.7271375464684009
avg_recall 0.8764869888475839
epoch 88
100%|██████████| 524/524 [00:54<00:00,  9.64it/s]
avg_hit_at_one 0.7237833969465646
avg_training_loss 0.006642600084221318
max_training_acc 1.0
avg_training_recall 0.889134064885497
validating ...
100%|██████████| 269/269 [00:03<00:00, 67.30it/s]
avg_loss 0.007405853671018297
max_acc 1.0
avg_hit_at_one 0.7314126394052037
avg_recall 0.887360594795539
epoch 89
100%|██████████| 524/524 [00:54<00:00,  9.60it/s]
avg_hit_at_one 0.7232347328244275
avg_training_loss 0.006645502443496451
max_training_acc 1.0
avg_training_recall 0.8890386450381684
validating ...
100%|██████████| 269/269 [00:04<00:00, 66.30it/s]
avg_loss 0.007740935110781328
max_acc 1.0
avg_hit_at_one 0.720631970260223
avg_recall 0.8818773234200744
epoch 90
100%|██████████| 524/524 [00:53<00:00,  9.85it/s]
avg_hit_at_one 0.7249761450381674
avg_training_loss 0.006627078800824762
max_training_acc 1.0
avg_training_recall 0.8892056297709918
validating ...
100%|██████████| 269/269 [00:04<00:00, 66.72it/s]
avg_loss 0.007613822855020711
max_acc 1.0
avg_hit_at_one 0.7280669144981408
avg_recall 0.8787174721189595
  0%|          | 0/524 [00:00<?, ?it/s]epoch 91
100%|██████████| 524/524 [00:53<00:00,  9.86it/s]
avg_hit_at_one 0.7235448473282442
avg_training_loss 0.0066252279687203635
max_training_acc 1.0
avg_training_recall 0.8902433206106862
validating ...
100%|██████████| 269/269 [00:04<00:00, 66.45it/s]
avg_loss 0.007507472928287981
max_acc 1.0
avg_hit_at_one 0.7224907063197022
avg_recall 0.878531598513011
epoch 92
100%|██████████| 524/524 [00:53<00:00,  9.81it/s]
avg_hit_at_one 0.7252862595419849
avg_training_loss 0.006605586743529687
max_training_acc 1.0
avg_training_recall 0.8898497137404581
validating ...
100%|██████████| 269/269 [00:04<00:00, 66.62it/s]
avg_loss 0.00758543841845484
max_acc 1.0
avg_hit_at_one 0.7197026022304828
avg_recall 0.8824349442379187
epoch 93
100%|██████████| 524/524 [00:54<00:00,  9.62it/s]
avg_hit_at_one 0.7239265267175574
avg_training_loss 0.00661419304567638
max_training_acc 1.0
avg_training_recall 0.8896946564885502
validating ...
100%|██████████| 269/269 [00:04<00:00, 67.21it/s]
avg_loss 0.007391975967552804
max_acc 1.0
avg_hit_at_one 0.7276951672862451
avg_recall 0.8925650557620819
epoch 94
100%|██████████| 524/524 [00:53<00:00,  9.78it/s]
avg_hit_at_one 0.7237118320610687
avg_training_loss 0.006583106778704256
max_training_acc 1.0
avg_training_recall 0.8913287213740457
validating ...
100%|██████████| 269/269 [00:04<00:00, 67.24it/s]
avg_loss 0.007479022902723914
max_acc 1.0
avg_hit_at_one 0.7275092936802968
avg_recall 0.8874535315985133
epoch 95
100%|██████████| 524/524 [00:54<00:00,  9.63it/s]
avg_hit_at_one 0.7262881679389321
avg_training_loss 0.006560748272383486
max_training_acc 1.0
avg_training_recall 0.8912333015267179
validating ...
100%|██████████| 269/269 [00:04<00:00, 66.25it/s]
avg_loss 0.00751820155748315
max_acc 1.0
avg_hit_at_one 0.7334572490706311
avg_recall 0.8805762081784387
epoch 96
100%|██████████| 524/524 [00:53<00:00,  9.80it/s]
avg_hit_at_one 0.7247375954198471
avg_training_loss 0.0065813391284576354
max_training_acc 1.0
avg_training_recall 0.8908039122137409
validating ...
100%|██████████| 269/269 [00:04<00:00, 66.04it/s]
avg_loss 0.007465278325588564
max_acc 1.0
avg_hit_at_one 0.7226765799256502
avg_recall 0.8846654275092939
epoch 97
100%|██████████| 524/524 [00:53<00:00,  9.80it/s]
avg_hit_at_one 0.7252385496183213
avg_training_loss 0.006562437974129811
max_training_acc 1.0
avg_training_recall 0.8908039122137399
validating ...
100%|██████████| 269/269 [00:04<00:00, 64.22it/s]
avg_loss 0.0074600614927584465
max_acc 1.0
avg_hit_at_one 0.7321561338289961
avg_recall 0.8887546468401489
epoch 98
100%|██████████| 524/524 [00:54<00:00,  9.58it/s]
avg_hit_at_one 0.7267891221374045
avg_training_loss 0.006562081196715074
max_training_acc 1.0
avg_training_recall 0.8908039122137404
validating ...
100%|██████████| 269/269 [00:04<00:00, 66.63it/s]
avg_loss 0.007472000574713857
max_acc 1.0
avg_hit_at_one 0.7314126394052041
avg_recall 0.8829925650557618
epoch 99
100%|██████████| 524/524 [00:53<00:00,  9.81it/s]
avg_hit_at_one 0.7276956106870226
avg_training_loss 0.0065408134539718275
max_training_acc 1.0
avg_training_recall 0.8928315839694654
validating ...
100%|██████████| 269/269 [00:04<00:00, 66.83it/s]
avg_loss 0.007442333101949284
max_acc 1.0
avg_hit_at_one 0.7306691449814119
avg_recall 0.8909851301115241
  0%|          | 0/524 [00:00<?, ?it/s]epoch 100
100%|██████████| 524/524 [00:53<00:00,  9.79it/s]
avg_hit_at_one 0.7270753816793892
avg_training_loss 0.0065325794595770025
max_training_acc 1.0
avg_training_recall 0.8948234732824438
validating ...
100%|██████████| 269/269 [00:03<00:00, 67.49it/s]
avg_loss 0.007444978322051327
max_acc 1.0
avg_hit_at_one 0.7323420074349438
avg_recall 0.8809479553903348
  0%|          | 0/524 [00:00<?, ?it/s]epoch 101
100%|██████████| 524/524 [00:53<00:00,  9.82it/s]
avg_hit_at_one 0.7270753816793897
avg_training_loss 0.006522797794571815
max_training_acc 1.0
avg_training_recall 0.8916149809160301
validating ...
100%|██████████| 269/269 [00:04<00:00, 67.20it/s]
avg_loss 0.007494739994240517
max_acc 1.0
avg_hit_at_one 0.7308550185873601
avg_recall 0.8850371747211897
  0%|          | 0/524 [00:00<?, ?it/s]epoch 102
100%|██████████| 524/524 [00:53<00:00,  9.80it/s]
avg_hit_at_one 0.728101145038168
avg_training_loss 0.006522120908791384
max_training_acc 1.0
avg_training_recall 0.8922948473282435
validating ...
100%|██████████| 269/269 [00:04<00:00, 67.13it/s]
avg_loss 0.007384757539015055
max_acc 1.0
avg_hit_at_one 0.7349442379182153
avg_recall 0.8809479553903349
epoch 103
100%|██████████| 524/524 [00:54<00:00,  9.69it/s]
avg_hit_at_one 0.7283158396946575
avg_training_loss 0.0065026591853629655
max_training_acc 1.0
avg_training_recall 0.8935233778625957
validating ...
100%|██████████| 269/269 [00:04<00:00, 63.57it/s]
avg_loss 0.007484623898326187
max_acc 1.0
avg_hit_at_one 0.7349442379182151
avg_recall 0.8909851301115241
epoch 104
100%|██████████| 524/524 [00:53<00:00,  9.81it/s]
avg_hit_at_one 0.7286020992366412
avg_training_loss 0.006498040305272825
max_training_acc 1.0
avg_training_recall 0.8935591603053438
validating ...
100%|██████████| 269/269 [00:04<00:00, 67.25it/s]
avg_loss 0.007498918707936061
max_acc 1.0
avg_hit_at_one 0.7291821561338289
avg_recall 0.8857806691449813
epoch 105
100%|██████████| 524/524 [00:54<00:00,  9.61it/s]
avg_hit_at_one 0.7288406488549621
avg_training_loss 0.006484836752291854
max_training_acc 1.0
avg_training_recall 0.8931536259542
validating ...
100%|██████████| 269/269 [00:04<00:00, 66.09it/s]
avg_loss 0.007470449959845403
max_acc 1.0
avg_hit_at_one 0.7249070631970255
avg_recall 0.8876394052044614
epoch 106
100%|██████████| 524/524 [00:53<00:00,  9.82it/s]
avg_hit_at_one 0.7292938931297714
avg_training_loss 0.006478002769445986
max_training_acc 1.0
avg_training_recall 0.8946326335877857
validating ...
100%|██████████| 269/269 [00:04<00:00, 66.33it/s]
avg_loss 0.007507886850105453
max_acc 1.0
avg_hit_at_one 0.7284386617100365
avg_recall 0.8969330855018591
epoch 107
100%|██████████| 524/524 [00:54<00:00,  9.60it/s]
avg_hit_at_one 0.7282919847328242
avg_training_loss 0.006473067528497115
max_training_acc 1.0
avg_training_recall 0.8942748091603044
validating ...
100%|██████████| 269/269 [00:04<00:00, 67.04it/s]
avg_loss 0.007447885019621608
max_acc 1.0
avg_hit_at_one 0.7254646840148696
avg_recall 0.8852230483271377
epoch 108
100%|██████████| 524/524 [00:54<00:00,  9.58it/s]
avg_hit_at_one 0.7303435114503823
avg_training_loss 0.006468157657201736
max_training_acc 1.0
avg_training_recall 0.8941197519083971
validating ...
100%|██████████| 269/269 [00:04<00:00, 66.93it/s]
avg_loss 0.007457633037985645
max_acc 1.0
avg_hit_at_one 0.7360594795539025
avg_recall 0.882434944237918
  0%|          | 0/524 [00:00<?, ?it/s]epoch 109
100%|██████████| 524/524 [00:53<00:00,  9.73it/s]
avg_hit_at_one 0.7311307251908394
avg_training_loss 0.006449869813002959
max_training_acc 1.0
avg_training_recall 0.8946803435114496
validating ...
100%|██████████| 269/269 [00:04<00:00, 66.73it/s]
avg_loss 0.0075822826068100545
max_acc 1.0
avg_hit_at_one 0.7293680297397763
avg_recall 0.8907992565055759
epoch 110
100%|██████████| 524/524 [00:54<00:00,  9.69it/s]
avg_hit_at_one 0.7313454198473285
avg_training_loss 0.0064478424370630096
max_training_acc 1.0
avg_training_recall 0.8941555343511454
validating ...
100%|██████████| 269/269 [00:04<00:00, 61.77it/s]
avg_loss 0.007367315410452871
max_acc 1.0
avg_hit_at_one 0.7289962825278803
avg_recall 0.8960966542750928
epoch 111
100%|██████████| 524/524 [00:53<00:00,  9.74it/s]
avg_hit_at_one 0.7299141221374047
avg_training_loss 0.006438242559026188
max_training_acc 1.0
avg_training_recall 0.8954198473282441
validating ...
100%|██████████| 269/269 [00:04<00:00, 67.02it/s]
avg_loss 0.007409655949495539
max_acc 1.0
avg_hit_at_one 0.7260223048327135
avg_recall 0.8863382899628255
epoch 112
100%|██████████| 524/524 [00:54<00:00,  9.65it/s]
avg_hit_at_one 0.7318702290076339
avg_training_loss 0.006433831289666527
max_training_acc 1.0
avg_training_recall 0.8951455152671757
validating ...
100%|██████████| 269/269 [00:04<00:00, 65.43it/s]
avg_loss 0.007517595183395099
max_acc 1.0
avg_hit_at_one 0.7291821561338284
avg_recall 0.8837360594795544
  0%|          | 0/524 [00:00<?, ?it/s]epoch 113
100%|██████████| 524/524 [00:53<00:00,  9.72it/s]
avg_hit_at_one 0.7324427480916035
avg_training_loss 0.006417921395929715
max_training_acc 1.0
avg_training_recall 0.8957418893129769
validating ...
100%|██████████| 269/269 [00:04<00:00, 65.30it/s]
avg_loss 0.007484748213444611
max_acc 1.0
avg_hit_at_one 0.7291821561338284
avg_recall 0.8862453531598512
epoch 114
100%|██████████| 524/524 [00:54<00:00,  9.68it/s]
avg_hit_at_one 0.7316078244274806
avg_training_loss 0.006411149283384065
max_training_acc 1.0
avg_training_recall 0.8960400763358776
validating ...
100%|██████████| 269/269 [00:04<00:00, 64.95it/s]
avg_loss 0.007527781234098577
max_acc 1.0
avg_hit_at_one 0.7297397769516725
avg_recall 0.8907992565055762
epoch 115
100%|██████████| 524/524 [00:54<00:00,  9.65it/s]
avg_hit_at_one 0.732681297709924
avg_training_loss 0.006380942245796039
max_training_acc 1.0
avg_training_recall 0.897650286259542
validating ...
100%|██████████| 269/269 [00:03<00:00, 67.43it/s]
avg_loss 0.007499129338307673
max_acc 1.0
avg_hit_at_one 0.7289962825278804
avg_recall 0.8885687732342011
epoch 116
100%|██████████| 524/524 [00:53<00:00,  9.76it/s]
avg_hit_at_one 0.7383587786259544
avg_training_loss 0.006294167385514797
max_training_acc 1.0
avg_training_recall 0.8986402671755724
validating ...
100%|██████████| 269/269 [00:04<00:00, 64.57it/s]
avg_loss 0.0071907926192437905
max_acc 1.0
avg_hit_at_one 0.7433085501858738
avg_recall 0.8962825278810406
epoch 117
100%|██████████| 524/524 [00:54<00:00,  9.69it/s]
avg_hit_at_one 0.7495467557251905
avg_training_loss 0.006105155099311289
max_training_acc 1.0
avg_training_recall 0.9045324427480917
validating ...
100%|██████████| 269/269 [00:04<00:00, 64.07it/s]
avg_loss 0.007062735035149969
max_acc 1.0
avg_hit_at_one 0.7544609665427513
avg_recall 0.9034386617100368
epoch 118
100%|██████████| 524/524 [00:52<00:00,  9.95it/s]
avg_hit_at_one 0.758850190839695
avg_training_loss 0.005924595286625345
max_training_acc 1.0
avg_training_recall 0.9095539122137405
validating ...
100%|██████████| 269/269 [00:04<00:00, 67.22it/s]
avg_loss 0.006754549698415991
max_acc 1.0
avg_hit_at_one 0.7659851301115239
avg_recall 0.9098513011152414
epoch 119
100%|██████████| 524/524 [00:52<00:00,  9.97it/s]
avg_hit_at_one 0.7630963740458009
avg_training_loss 0.0057721392319089815
max_training_acc 1.0
avg_training_recall 0.9160782442748101
validating ...
100%|██████████| 269/269 [00:03<00:00, 67.89it/s]
avg_loss 0.006717264051133677
max_acc 1.0
avg_hit_at_one 0.7659851301115238
avg_recall 0.9154275092936804
  0%|          | 0/524 [00:00<?, ?it/s]epoch 120
100%|██████████| 524/524 [00:52<00:00,  9.99it/s]
avg_hit_at_one 0.7696087786259532
avg_training_loss 0.005648402746887664
max_training_acc 1.0
avg_training_recall 0.9179150763358779
validating ...
100%|██████████| 269/269 [00:03<00:00, 67.61it/s]
avg_loss 0.006615636044538486
max_acc 1.0
avg_hit_at_one 0.7723048327137548
avg_recall 0.9168215613382895
  0%|          | 0/524 [00:00<?, ?it/s]epoch 121
100%|██████████| 524/524 [00:53<00:00,  9.87it/s]
avg_hit_at_one 0.7756202290076337
avg_training_loss 0.005543510429561138
max_training_acc 1.0
avg_training_recall 0.920932729007634
validating ...
100%|██████████| 269/269 [00:04<00:00, 64.61it/s]
avg_loss 0.006348294633541076
max_acc 1.0
avg_hit_at_one 0.7754646840148695
avg_recall 0.92360594795539
epoch 122
100%|██████████| 524/524 [00:55<00:00,  9.38it/s]
avg_hit_at_one 0.7794608778625953
avg_training_loss 0.0054397560493444725
max_training_acc 1.0
avg_training_recall 0.9236283396946564
validating ...
100%|██████████| 269/269 [00:04<00:00, 61.59it/s]
avg_loss 0.006436521764740791
max_acc 1.0
avg_hit_at_one 0.7858736059479553
avg_recall 0.92360594795539
  0%|          | 0/524 [00:00<?, ?it/s]epoch 123
100%|██████████| 524/524 [00:53<00:00,  9.78it/s]
avg_hit_at_one 0.7844704198473288
avg_training_loss 0.0053622006711493185
max_training_acc 1.0
avg_training_recall 0.9262404580152676
validating ...
100%|██████████| 269/269 [00:03<00:00, 67.37it/s]
avg_loss 0.006398195308221151
max_acc 1.0
avg_hit_at_one 0.7907063197026024
avg_recall 0.9195167286245348
epoch 124
100%|██████████| 524/524 [00:53<00:00,  9.74it/s]
avg_hit_at_one 0.7910782442748092
avg_training_loss 0.005258556130566129
max_training_acc 1.0
avg_training_recall 0.929425095419846
validating ...
100%|██████████| 269/269 [00:04<00:00, 66.09it/s]
avg_loss 0.006361565877229917
max_acc 1.0
avg_hit_at_one 0.7990706319702602
avg_recall 0.9236988847583635
  0%|          | 0/524 [00:00<?, ?it/s]epoch 125
100%|██████████| 524/524 [00:54<00:00,  9.70it/s]
avg_hit_at_one 0.7960877862595419
avg_training_loss 0.005144900432610102
max_training_acc 1.0
avg_training_recall 0.9314169847328249
validating ...
100%|██████████| 269/269 [00:04<00:00, 66.99it/s]
avg_loss 0.0060349891163914236
max_acc 1.0
avg_hit_at_one 0.7999999999999999
avg_recall 0.925278810408921
epoch 126
100%|██████████| 524/524 [00:55<00:00,  9.52it/s]
avg_hit_at_one 0.7987356870229013
avg_training_loss 0.00507582921600538
max_training_acc 1.0
avg_training_recall 0.9335281488549625
validating ...
100%|██████████| 269/269 [00:04<00:00, 65.31it/s]
avg_loss 0.006073599750068745
max_acc 1.0
avg_hit_at_one 0.7972118959107801
avg_recall 0.928159851301115
epoch 127
100%|██████████| 524/524 [00:54<00:00,  9.61it/s]
avg_hit_at_one 0.8033635496183202
avg_training_loss 0.004994881745047497
max_training_acc 1.0
avg_training_recall 0.9365935114503814
validating ...
100%|██████████| 269/269 [00:04<00:00, 60.98it/s]
avg_loss 0.006057403396579634
max_acc 1.0
avg_hit_at_one 0.8078066914498138
avg_recall 0.9302044609665419
epoch 128
100%|██████████| 524/524 [00:54<00:00,  9.54it/s]
avg_hit_at_one 0.8071326335877865
avg_training_loss 0.004908261578956633
max_training_acc 1.0
avg_training_recall 0.9387046755725198
validating ...
100%|██████████| 269/269 [00:04<00:00, 66.80it/s]
avg_loss 0.006078113720849239
max_acc 1.0
avg_hit_at_one 0.8111524163568772
avg_recall 0.9281598513011148
  0%|          | 0/524 [00:00<?, ?it/s]epoch 129
100%|██████████| 524/524 [00:54<00:00,  9.67it/s]
avg_hit_at_one 0.8080391221374046
avg_training_loss 0.004823496338612763
max_training_acc 1.0
avg_training_recall 0.940732347328244
validating ...
100%|██████████| 269/269 [00:03<00:00, 67.45it/s]
avg_loss 0.006138915504626653
max_acc 1.0
avg_hit_at_one 0.8092936802973976
avg_recall 0.926951672862453
epoch 130
100%|██████████| 524/524 [00:52<00:00,  9.99it/s]
avg_hit_at_one 0.8141221374045797
avg_training_loss 0.004732469735731094
max_training_acc 1.0
avg_training_recall 0.9416984732824416
validating ...
100%|██████████| 269/269 [00:04<00:00, 67.18it/s]
avg_loss 0.005850571012522569
max_acc 1.0
avg_hit_at_one 0.8152416356877321
avg_recall 0.9309479553903341
epoch 131
100%|██████████| 524/524 [00:52<00:00,  9.99it/s]
avg_hit_at_one 0.8177003816793889
avg_training_loss 0.004634383300280213
max_training_acc 1.0
avg_training_recall 0.9446803435114505
validating ...
100%|██████████| 269/269 [00:03<00:00, 68.25it/s]
avg_loss 0.005829654364599102
max_acc 1.0
avg_hit_at_one 0.8130111524163565
avg_recall 0.9290892193308546
epoch 132
100%|██████████| 524/524 [00:52<00:00, 10.07it/s]
avg_hit_at_one 0.8239742366412207
avg_training_loss 0.004539011356879367
max_training_acc 1.0
avg_training_recall 0.9468869274809162
validating ...
100%|██████████| 269/269 [00:03<00:00, 67.93it/s]
avg_loss 0.005694571637538119
max_acc 1.0
avg_hit_at_one 0.8185873605947954
avg_recall 0.9320631970260216
epoch 133
100%|██████████| 524/524 [00:53<00:00,  9.78it/s]
avg_hit_at_one 0.825906488549618
avg_training_loss 0.0044634102058120585
max_training_acc 1.0
avg_training_recall 0.9478530534351141
validating ...
100%|██████████| 269/269 [00:04<00:00, 65.63it/s]
avg_loss 0.005764704529580325
max_acc 1.0
avg_hit_at_one 0.8197026022304824
avg_recall 0.9300185873605942
epoch 134
100%|██████████| 524/524 [00:53<00:00,  9.81it/s]
avg_hit_at_one 0.831059160305343
avg_training_loss 0.004353582667531659
max_training_acc 1.0
avg_training_recall 0.9487953244274802
validating ...
100%|██████████| 269/269 [00:04<00:00, 59.97it/s]
avg_loss 0.005710020171674003
max_acc 1.0
avg_hit_at_one 0.8249070631970257
avg_recall 0.931691449814126
epoch 135
100%|██████████| 524/524 [00:55<00:00,  9.49it/s]
avg_hit_at_one 0.8332299618320615
avg_training_loss 0.0042953414296845105
max_training_acc 1.0
avg_training_recall 0.9515386450381677
validating ...
100%|██████████| 269/269 [00:04<00:00, 64.11it/s]
avg_loss 0.005575987127813819
max_acc 1.0
avg_hit_at_one 0.8297397769516727
avg_recall 0.934479553903345
epoch 136
100%|██████████| 524/524 [00:54<00:00,  9.59it/s]
avg_hit_at_one 0.8379770992366412
avg_training_loss 0.004196711244036706
max_training_acc 1.0
avg_training_recall 0.9533993320610687
validating ...
100%|██████████| 269/269 [00:04<00:00, 63.85it/s]
avg_loss 0.005572855528608505
max_acc 1.0
avg_hit_at_one 0.831412639405204
avg_recall 0.935966542750929
  0%|          | 0/524 [00:00<?, ?it/s]epoch 137
100%|██████████| 524/524 [00:55<00:00,  9.52it/s]
avg_hit_at_one 0.8416269083969471
avg_training_loss 0.004123024638912833
max_training_acc 1.0
avg_training_recall 0.9566197519083964
validating ...
100%|██████████| 269/269 [00:04<00:00, 62.74it/s]
avg_loss 0.005656421000395856
max_acc 1.0
avg_hit_at_one 0.830297397769516
avg_recall 0.9344795539033459
epoch 138
100%|██████████| 524/524 [00:54<00:00,  9.67it/s]
avg_hit_at_one 0.8428196564885494
avg_training_loss 0.004072505639926424
max_training_acc 1.0
avg_training_recall 0.9568583015267176
validating ...
100%|██████████| 269/269 [00:04<00:00, 66.08it/s]
avg_loss 0.005479753295047949
max_acc 1.0
avg_hit_at_one 0.8312267657992563
avg_recall 0.9361524163568773
  0%|          | 0/524 [00:00<?, ?it/s]epoch 139
100%|██████████| 524/524 [00:53<00:00,  9.82it/s]
avg_hit_at_one 0.8477814885496189
avg_training_loss 0.0039946988370724535
max_training_acc 1.0
avg_training_recall 0.9563812022900764
validating ...
100%|██████████| 269/269 [00:03<00:00, 67.37it/s]
avg_loss 0.005544615436871588
max_acc 1.0
avg_hit_at_one 0.8369888475836427
avg_recall 0.9344795539033457
epoch 140
100%|██████████| 524/524 [00:53<00:00,  9.84it/s]
avg_hit_at_one 0.8496421755725199
avg_training_loss 0.0038947469220702883
max_training_acc 1.0
avg_training_recall 0.9601145038167944
validating ...
100%|██████████| 269/269 [00:04<00:00, 66.51it/s]
avg_loss 0.0053985690785447295
max_acc 1.0
avg_hit_at_one 0.8342007434944226
avg_recall 0.9350371747211891
epoch 141
100%|██████████| 524/524 [00:53<00:00,  9.85it/s]
avg_hit_at_one 0.8518606870229012
avg_training_loss 0.003852020221307362
max_training_acc 1.0
avg_training_recall 0.9604723282442754
validating ...
100%|██████████| 269/269 [00:04<00:00, 66.23it/s]
avg_loss 0.0054147710995990994
max_acc 1.0
avg_hit_at_one 0.8392193308550181
avg_recall 0.9357806691449808
epoch 142
100%|██████████| 524/524 [00:52<00:00,  9.90it/s]
avg_hit_at_one 0.8548187022900758
avg_training_loss 0.0037750971111653814
max_training_acc 1.0
avg_training_recall 0.9615577290076347
validating ...
100%|██████████| 269/269 [00:04<00:00, 67.13it/s]
avg_loss 0.005334220238057654
max_acc 1.0
avg_hit_at_one 0.8464684014869882
avg_recall 0.9387546468401482
epoch 143
100%|██████████| 524/524 [00:52<00:00,  9.93it/s]
avg_hit_at_one 0.8574427480916029
avg_training_loss 0.0037174908133696424
max_training_acc 1.0
avg_training_recall 0.963036736641222
validating ...
100%|██████████| 269/269 [00:04<00:00, 66.51it/s]
avg_loss 0.005344710469446717
max_acc 1.0
avg_hit_at_one 0.8457249070631973
avg_recall 0.9385687732341998
  0%|          | 0/524 [00:00<?, ?it/s]epoch 144
100%|██████████| 524/524 [00:53<00:00,  9.75it/s]
avg_hit_at_one 0.8613072519083959
avg_training_loss 0.003654220072820939
max_training_acc 1.0
avg_training_recall 0.9645634541984736
validating ...
100%|██████████| 269/269 [00:03<00:00, 67.30it/s]
avg_loss 0.005479913021413588
max_acc 1.0
avg_hit_at_one 0.8408921933085494
avg_recall 0.936710037174721
  0%|          | 0/524 [00:00<?, ?it/s]epoch 145
100%|██████████| 524/524 [00:52<00:00,  9.96it/s]
avg_hit_at_one 0.8615696564885493
avg_training_loss 0.0035970431411699285
max_training_acc 1.0
avg_training_recall 0.9658993320610693
validating ...
100%|██████████| 269/269 [00:04<00:00, 67.05it/s]
avg_loss 0.005278285372838703
max_acc 1.0
avg_hit_at_one 0.8477695167286241
avg_recall 0.9376394052044602
epoch 146
100%|██████████| 524/524 [00:52<00:00, 10.00it/s]
avg_hit_at_one 0.8669370229007637
avg_training_loss 0.0035132830240497126
max_training_acc 1.0
avg_training_recall 0.9666388358778643
validating ...
100%|██████████| 269/269 [00:03<00:00, 67.59it/s]
avg_loss 0.005416721328236093
max_acc 1.0
avg_hit_at_one 0.8425650557620817
avg_recall 0.9383828996282523
epoch 147
100%|██████████| 524/524 [00:52<00:00, 10.02it/s]
avg_hit_at_one 0.8670324427480919
avg_training_loss 0.0034779367332154784
max_training_acc 1.0
avg_training_recall 0.9674141221374055
validating ...
100%|██████████| 269/269 [00:03<00:00, 68.10it/s]
avg_loss 0.00535056133192815
max_acc 1.0
avg_hit_at_one 0.8483271375464679
avg_recall 0.9359665427509288
epoch 148
100%|██████████| 524/524 [00:52<00:00, 10.00it/s]
avg_hit_at_one 0.8713501908396947
avg_training_loss 0.0034168453230380385
max_training_acc 1.0
avg_training_recall 0.9677003816793909
validating ...
100%|██████████| 269/269 [00:03<00:00, 68.05it/s]
avg_loss 0.005227997034595981
max_acc 1.0
avg_hit_at_one 0.8501858736059473
avg_recall 0.939684014869888
epoch 149
100%|██████████| 524/524 [00:52<00:00, 10.01it/s]
avg_hit_at_one 0.8717795801526731
avg_training_loss 0.0033771107955267014
max_training_acc 1.0
avg_training_recall 0.9695729961832072
validating ...
100%|██████████| 269/269 [00:03<00:00, 67.77it/s]
avg_loss 0.0056127315509603894
max_acc 1.0
avg_hit_at_one 0.8481412639405201
avg_recall 0.9385687732342005

Process finished with exit code 0


136